#
# There is insufficient memory for the Java Runtime Environment to continue.
# Native memory allocation (malloc) failed to allocate 32744 bytes for ChunkPool::allocate
# Possible reasons:
#   The system is out of physical RAM or swap space
#   The process is running with CompressedOops enabled, and the Java Heap may be blocking the growth of the native heap
# Possible solutions:
#   Reduce memory load on the system
#   Increase physical memory or swap space
#   Check if swap backing store is full
#   Decrease Java heap size (-Xmx/-Xms)
#   Decrease number of Java threads
#   Decrease Java thread stack sizes (-Xss)
#   Set larger code cache with -XX:ReservedCodeCacheSize=
#   JVM is running with Unscaled Compressed Oops mode in which the Java heap is
#     placed in the first 4GB address space. The Java Heap base address is the
#     maximum limit for the native heap growth. Please use -XX:HeapBaseMinAddress
#     to set the Java Heap base and to place the Java Heap above 4GB virtual address.
# This output file may be truncated or incomplete.
#
#  Out of Memory Error (arena.cpp:78), pid=26468, tid=26420
#
# JRE version: OpenJDK Runtime Environment Temurin-17.0.6+10 (17.0.6+10) (build 17.0.6+10)
# Java VM: OpenJDK 64-Bit Server VM Temurin-17.0.6+10 (17.0.6+10, mixed mode, tiered, compressed oops, compressed class ptrs, g1 gc, windows-amd64)
# No core dump will be written. Minidumps are not enabled by default on client versions of Windows
#

---------------  S U M M A R Y ------------

Command Line: -ea -Dfile.encoding=windows-1252 -XX:+ShowCodeDetailsInExceptionMessages org.eclipse.jdt.internal.junit.runner.RemoteTestRunner -version 3 -port 55149 -testLoaderClass org.eclipse.jdt.internal.junit4.runner.JUnit4TestLoader -loaderpluginname org.eclipse.jdt.junit4.runtime -classNames Stepdefinition.Testrunner

Host: Intel(R) Core(TM) i5-7200U CPU @ 2.50GHz, 4 cores, 3G,  Windows 10 , 64 bit Build 19041 (10.0.19041.3636)
Time: Tue Jan  9 21:47:09 2024 India Standard Time elapsed time: 33.919629 seconds (0d 0h 0m 33s)

---------------  T H R E A D  ---------------

Current thread (0x00000277ee86b450):  JavaThread "C2 CompilerThread0" daemon [_thread_in_native, id=26420, stack(0x000000d5ff000000,0x000000d5ff100000)]


Current CompileTask:
C2:  33920 2517       4       java.lang.Class::getPackageName (81 bytes)

Stack: [0x000000d5ff000000,0x000000d5ff100000]
Native frames: (J=compiled Java code, j=interpreted, Vv=VM code, C=native code)
V  [jvm.dll+0x67741a]
V  [jvm.dll+0x834434]
V  [jvm.dll+0x835bde]
V  [jvm.dll+0x836243]
V  [jvm.dll+0x2457b5]
V  [jvm.dll+0xabd1c]
V  [jvm.dll+0xac0cc]
V  [jvm.dll+0xabc0b]
V  [jvm.dll+0x6cd5dc]
V  [jvm.dll+0x587667]
V  [jvm.dll+0x58a381]
V  [jvm.dll+0x57451e]
V  [jvm.dll+0x574cca]
V  [jvm.dll+0x576fb9]
V  [jvm.dll+0x576afd]
V  [jvm.dll+0x5769e0]
V  [jvm.dll+0x57e6fd]
V  [jvm.dll+0x220812]
V  [jvm.dll+0x21a1e4]
V  [jvm.dll+0x21790b]
V  [jvm.dll+0x1a3d0d]
V  [jvm.dll+0x22742a]
V  [jvm.dll+0x225565]
V  [jvm.dll+0x7ea2cb]
V  [jvm.dll+0x7e483a]
V  [jvm.dll+0x6762c5]
C  [ucrtbase.dll+0x21bb2]
C  [KERNEL32.DLL+0x17344]
C  [ntdll.dll+0x526b1]


---------------  P R O C E S S  ---------------

Threads class SMR info:
_java_thread_list=0x00000277effb2f90, length=19, elements={
0x00000277d59376c0, 0x00000277ee834020, 0x00000277ee837640, 0x00000277ee8212a0,
0x00000277ee869410, 0x00000277ee869dc0, 0x00000277ee86a770, 0x00000277ee86b450,
0x00000277ee89eab0, 0x00000277ee86dec0, 0x00000277ef533850, 0x00000277ef54e9f0,
0x00000277efceb6a0, 0x00000277f0b5f3a0, 0x00000277f0b5f870, 0x00000277f0c68470,
0x00000277f0c68940, 0x00000277f0de1580, 0x00000277f0de0710
}

Java Threads: ( => current thread )
  0x00000277d59376c0 JavaThread "main" [_thread_in_native, id=26064, stack(0x000000d5fe300000,0x000000d5fe400000)]
  0x00000277ee834020 JavaThread "Reference Handler" daemon [_thread_blocked, id=25232, stack(0x000000d5fea00000,0x000000d5feb00000)]
  0x00000277ee837640 JavaThread "Finalizer" daemon [_thread_blocked, id=26300, stack(0x000000d5feb00000,0x000000d5fec00000)]
  0x00000277ee8212a0 JavaThread "Signal Dispatcher" daemon [_thread_blocked, id=19656, stack(0x000000d5fec00000,0x000000d5fed00000)]
  0x00000277ee869410 JavaThread "Attach Listener" daemon [_thread_blocked, id=25444, stack(0x000000d5fed00000,0x000000d5fee00000)]
  0x00000277ee869dc0 JavaThread "Service Thread" daemon [_thread_blocked, id=12724, stack(0x000000d5fee00000,0x000000d5fef00000)]
  0x00000277ee86a770 JavaThread "Monitor Deflation Thread" daemon [_thread_blocked, id=2648, stack(0x000000d5fef00000,0x000000d5ff000000)]
=>0x00000277ee86b450 JavaThread "C2 CompilerThread0" daemon [_thread_in_native, id=26420, stack(0x000000d5ff000000,0x000000d5ff100000)]
  0x00000277ee89eab0 JavaThread "C1 CompilerThread0" daemon [_thread_in_native, id=26416, stack(0x000000d5ff100000,0x000000d5ff200000)]
  0x00000277ee86dec0 JavaThread "Sweeper thread" daemon [_thread_blocked, id=10712, stack(0x000000d5ff200000,0x000000d5ff300000)]
  0x00000277ef533850 JavaThread "Notification Thread" daemon [_thread_blocked, id=25736, stack(0x000000d5ff300000,0x000000d5ff400000)]
  0x00000277ef54e9f0 JavaThread "Common-Cleaner" daemon [_thread_blocked, id=26616, stack(0x000000d5ff500000,0x000000d5ff600000)]
  0x00000277efceb6a0 JavaThread "ReaderThread" [_thread_in_native, id=25672, stack(0x000000d5ff600000,0x000000d5ff700000)]
  0x00000277f0b5f3a0 JavaThread "Exec Default Executor" daemon [_thread_in_native, id=25712, stack(0x000000d5ffa00000,0x000000d5ffb00000)]
  0x00000277f0b5f870 JavaThread "UrlChecker-2" daemon [_thread_blocked, id=17232, stack(0x000000d5ffb00000,0x000000d5ffc00000)]
  0x00000277f0c68470 JavaThread "Exec Stream Pumper" daemon [_thread_in_native, id=19268, stack(0x000000d5ffd00000,0x000000d5ffe00000)]
  0x00000277f0c68940 JavaThread "Exec Stream Pumper" daemon [_thread_in_native, id=25604, stack(0x000000d5ffe00000,0x000000d5fff00000)]
  0x00000277f0de1580 JavaThread "OkHttp ConnectionPool" daemon [_thread_blocked, id=26136, stack(0x000000d580000000,0x000000d580100000)]
  0x00000277f0de0710 JavaThread "Okio Watchdog" daemon [_thread_blocked, id=26124, stack(0x000000d580100000,0x000000d580200000)]

Other Threads:
  0x00000277d59fec00 VMThread "VM Thread" [stack: 0x000000d5fe900000,0x000000d5fea00000] [id=26020]
  0x00000277ef535d30 WatcherThread [stack: 0x000000d5ff400000,0x000000d5ff500000] [id=25748]
  0x00000277d5974fa0 GCTaskThread "GC Thread#0" [stack: 0x000000d5fe400000,0x000000d5fe500000] [id=26388]
  0x00000277effd4c30 GCTaskThread "GC Thread#1" [stack: 0x000000d5ff700000,0x000000d5ff800000] [id=26620]
  0x00000277f08b0040 GCTaskThread "GC Thread#2" [stack: 0x000000d5ff800000,0x000000d5ff900000] [id=25612]
  0x00000277f08b02f0 GCTaskThread "GC Thread#3" [stack: 0x000000d5ff900000,0x000000d5ffa00000] [id=24680]
  0x00000277d597d860 ConcurrentGCThread "G1 Main Marker" [stack: 0x000000d5fe500000,0x000000d5fe600000] [id=26340]
  0x00000277d597e270 ConcurrentGCThread "G1 Conc#0" [stack: 0x000000d5fe600000,0x000000d5fe700000] [id=25696]
  0x00000277d59b9f50 ConcurrentGCThread "G1 Refine#0" [stack: 0x000000d5fe700000,0x000000d5fe800000] [id=17016]
  0x00000277d59ba970 ConcurrentGCThread "G1 Service" [stack: 0x000000d5fe800000,0x000000d5fe900000] [id=25524]

Threads with active compile tasks:
C2 CompilerThread0    34007 2517       4       java.lang.Class::getPackageName (81 bytes)
C1 CompilerThread0    34007 2518       3       java.util.regex.Pattern::sequence (647 bytes)

VM state: not at safepoint (normal execution)

VM Mutex/Monitor currently owned by a thread: None

Heap address: 0x00000000c3400000, size: 972 MB, Compressed Oops mode: 32-bit

CDS archive(s) not mapped
Compressed class space mapped at: 0x0000000100000000-0x0000000140000000, reserved size: 1073741824
Narrow klass base: 0x0000000000000000, Narrow klass shift: 3, Narrow klass range: 0x140000000

GC Precious Log:
 CPUs: 4 total, 4 available
 Memory: 3880M
 Large Page Support: Disabled
 NUMA Support: Disabled
 Compressed Oops: Enabled (32-bit)
 Heap Region Size: 1M
 Heap Min Capacity: 8M
 Heap Initial Capacity: 62M
 Heap Max Capacity: 972M
 Pre-touch: Disabled
 Parallel Workers: 4
 Concurrent Workers: 1
 Concurrent Refinement Workers: 4
 Periodic GC: Disabled

Heap:
 garbage-first heap   total 34816K, used 16938K [0x00000000c3400000, 0x0000000100000000)
  region size 1024K, 11 young (11264K), 3 survivors (3072K)
 Metaspace       used 27334K, committed 27584K, reserved 1081344K
  class space    used 3071K, committed 3200K, reserved 1048576K

Heap Regions: E=young(eden), S=young(survivor), O=old, HS=humongous(starts), HC=humongous(continues), CS=collection set, F=free, OA=open archive, CA=closed archive, TAMS=top-at-mark-start (previous, next)
|   0|0x00000000c3400000, 0x00000000c3500000, 0x00000000c3500000|100%| O|  |TAMS 0x00000000c3500000, 0x00000000c3400000| Untracked 
|   1|0x00000000c3500000, 0x00000000c3600000, 0x00000000c3600000|100%| O|  |TAMS 0x00000000c3600000, 0x00000000c3500000| Untracked 
|   2|0x00000000c3600000, 0x00000000c3700000, 0x00000000c3700000|100%| O|  |TAMS 0x00000000c3700000, 0x00000000c3600000| Untracked 
|   3|0x00000000c3700000, 0x00000000c3800000, 0x00000000c3800000|100%| O|  |TAMS 0x00000000c3800000, 0x00000000c3700000| Untracked 
|   4|0x00000000c3800000, 0x00000000c3900000, 0x00000000c3900000|100%| O|  |TAMS 0x00000000c3900000, 0x00000000c3800000| Untracked 
|   5|0x00000000c3900000, 0x00000000c3a00000, 0x00000000c3a00000|100%| O|  |TAMS 0x00000000c3974400, 0x00000000c3900000| Untracked 
|   6|0x00000000c3a00000, 0x00000000c3ad9a00, 0x00000000c3b00000| 85%| O|  |TAMS 0x00000000c3a00000, 0x00000000c3a00000| Untracked 
|   7|0x00000000c3b00000, 0x00000000c3bb0e00, 0x00000000c3c00000| 69%| O|  |TAMS 0x00000000c3b00000, 0x00000000c3b00000| Untracked 
|   8|0x00000000c3c00000, 0x00000000c3c00000, 0x00000000c3d00000|  0%| F|  |TAMS 0x00000000c3c00000, 0x00000000c3c00000| Untracked 
|   9|0x00000000c3d00000, 0x00000000c3d00000, 0x00000000c3e00000|  0%| F|  |TAMS 0x00000000c3d00000, 0x00000000c3d00000| Untracked 
|  10|0x00000000c3e00000, 0x00000000c3e00000, 0x00000000c3f00000|  0%| F|  |TAMS 0x00000000c3e00000, 0x00000000c3e00000| Untracked 
|  11|0x00000000c3f00000, 0x00000000c4000000, 0x00000000c4000000|100%| S|CS|TAMS 0x00000000c3f00000, 0x00000000c3f00000| Complete 
|  12|0x00000000c4000000, 0x00000000c4100000, 0x00000000c4100000|100%| S|CS|TAMS 0x00000000c4000000, 0x00000000c4000000| Complete 
|  13|0x00000000c4100000, 0x00000000c4200000, 0x00000000c4200000|100%| S|CS|TAMS 0x00000000c4100000, 0x00000000c4100000| Complete 
|  14|0x00000000c4200000, 0x00000000c4200000, 0x00000000c4300000|  0%| F|  |TAMS 0x00000000c4200000, 0x00000000c4200000| Untracked 
|  15|0x00000000c4300000, 0x00000000c4300000, 0x00000000c4400000|  0%| F|  |TAMS 0x00000000c4300000, 0x00000000c4300000| Untracked 
|  16|0x00000000c4400000, 0x00000000c4400000, 0x00000000c4500000|  0%| F|  |TAMS 0x00000000c4400000, 0x00000000c4400000| Untracked 
|  17|0x00000000c4500000, 0x00000000c4500000, 0x00000000c4600000|  0%| F|  |TAMS 0x00000000c4500000, 0x00000000c4500000| Untracked 
|  18|0x00000000c4600000, 0x00000000c4600000, 0x00000000c4700000|  0%| F|  |TAMS 0x00000000c4600000, 0x00000000c4600000| Untracked 
|  19|0x00000000c4700000, 0x00000000c4700000, 0x00000000c4800000|  0%| F|  |TAMS 0x00000000c4700000, 0x00000000c4700000| Untracked 
|  20|0x00000000c4800000, 0x00000000c4800000, 0x00000000c4900000|  0%| F|  |TAMS 0x00000000c4800000, 0x00000000c4800000| Untracked 
|  21|0x00000000c4900000, 0x00000000c4900000, 0x00000000c4a00000|  0%| F|  |TAMS 0x00000000c4900000, 0x00000000c4900000| Untracked 
|  22|0x00000000c4a00000, 0x00000000c4a00000, 0x00000000c4b00000|  0%| F|  |TAMS 0x00000000c4a00000, 0x00000000c4a00000| Untracked 
|  23|0x00000000c4b00000, 0x00000000c4b00000, 0x00000000c4c00000|  0%| F|  |TAMS 0x00000000c4b00000, 0x00000000c4b00000| Untracked 
|  24|0x00000000c4c00000, 0x00000000c4c00000, 0x00000000c4d00000|  0%| F|  |TAMS 0x00000000c4c00000, 0x00000000c4c00000| Untracked 
|  25|0x00000000c4d00000, 0x00000000c4d00000, 0x00000000c4e00000|  0%| F|  |TAMS 0x00000000c4d00000, 0x00000000c4d00000| Untracked 
|  26|0x00000000c4e00000, 0x00000000c4eddf10, 0x00000000c4f00000| 86%| E|  |TAMS 0x00000000c4e00000, 0x00000000c4e00000| Complete 
|  27|0x00000000c4f00000, 0x00000000c5000000, 0x00000000c5000000|100%| E|CS|TAMS 0x00000000c4f00000, 0x00000000c4f00000| Complete 
|  28|0x00000000c5000000, 0x00000000c5100000, 0x00000000c5100000|100%| E|CS|TAMS 0x00000000c5000000, 0x00000000c5000000| Complete 
|  29|0x00000000c5100000, 0x00000000c5200000, 0x00000000c5200000|100%| E|CS|TAMS 0x00000000c5100000, 0x00000000c5100000| Complete 
|  30|0x00000000c5200000, 0x00000000c5300000, 0x00000000c5300000|100%| E|CS|TAMS 0x00000000c5200000, 0x00000000c5200000| Complete 
|  56|0x00000000c6c00000, 0x00000000c6d00000, 0x00000000c6d00000|100%| E|  |TAMS 0x00000000c6c00000, 0x00000000c6c00000| Complete 
|  57|0x00000000c6d00000, 0x00000000c6e00000, 0x00000000c6e00000|100%| E|CS|TAMS 0x00000000c6d00000, 0x00000000c6d00000| Complete 
|  61|0x00000000c7100000, 0x00000000c7200000, 0x00000000c7200000|100%| E|CS|TAMS 0x00000000c7100000, 0x00000000c7100000| Complete 

Card table byte_map: [0x00000277e9fe0000,0x00000277ea1d0000] _byte_map_base: 0x00000277e99c6000

Marking Bits (Prev, Next): (CMBitMap*) 0x00000277d59755f0, (CMBitMap*) 0x00000277d59755b0
 Prev Bits: [0x00000277eb2f0000, 0x00000277ec220000)
 Next Bits: [0x00000277ea3c0000, 0x00000277eb2f0000)

Polling page: 0x00000277da7a0000

Metaspace:

Usage:
  Non-class:     23.69 MB used.
      Class:      3.00 MB used.
       Both:     26.69 MB used.

Virtual space:
  Non-class space:       32.00 MB reserved,      23.81 MB ( 74%) committed,  4 nodes.
      Class space:        1.00 GB reserved,       3.12 MB ( <1%) committed,  1 nodes.
             Both:        1.03 GB reserved,      26.94 MB (  3%) committed. 

Chunk freelists:
   Non-Class:  3.70 MB
       Class:  832.00 KB
        Both:  4.51 MB

MaxMetaspaceSize: unlimited
CompressedClassSpaceSize: 1.00 GB
Initial GC threshold: 21.00 MB
Current GC threshold: 35.31 MB
CDS: off
MetaspaceReclaimPolicy: balanced
 - commit_granule_bytes: 65536.
 - commit_granule_words: 8192.
 - virtual_space_node_default_size: 1048576.
 - enlarge_chunks_in_place: 1.
 - new_chunks_are_fully_committed: 0.
 - uncommit_free_chunks: 1.
 - use_allocation_guard: 0.
 - handle_deallocations: 1.


Internal statistics:

num_allocs_failed_limit: 3.
num_arena_births: 238.
num_arena_deaths: 0.
num_vsnodes_births: 5.
num_vsnodes_deaths: 0.
num_space_committed: 431.
num_space_uncommitted: 0.
num_chunks_returned_to_freelist: 3.
num_chunks_taken_from_freelist: 779.
num_chunk_merges: 0.
num_chunk_splits: 501.
num_chunks_enlarged: 361.
num_purges: 0.
num_inconsistent_stats: 0.

CodeHeap 'non-profiled nmethods': size=120000Kb used=937Kb max_used=937Kb free=119062Kb
 bounds [0x00000277e2290000, 0x00000277e2500000, 0x00000277e97c0000]
CodeHeap 'profiled nmethods': size=120000Kb used=5045Kb max_used=5045Kb free=114954Kb
 bounds [0x00000277da7c0000, 0x00000277dacb0000, 0x00000277e1cf0000]
CodeHeap 'non-nmethods': size=5760Kb used=1223Kb max_used=1283Kb free=4536Kb
 bounds [0x00000277e1cf0000, 0x00000277e1f60000, 0x00000277e2290000]
 total_blobs=3046 nmethods=2516 adapters=442
 compilation: enabled
              stopped_count=0, restarted_count=0
 full_count=0

Compilation events (20 events):
Event: 15.325 Thread 0x00000277ee89eab0 nmethod 2506 0x00000277daca7a10 code [0x00000277daca7be0, 0x00000277daca80c8]
Event: 15.325 Thread 0x00000277ee89eab0 2507       3       java.util.regex.Pattern$BmpCharPredicate$$Lambda$81/0x00000001000f5fe8::is (15 bytes)
Event: 15.325 Thread 0x00000277ee89eab0 nmethod 2507 0x00000277daca8290 code [0x00000277daca8460, 0x00000277daca88b8]
Event: 15.325 Thread 0x00000277ee89eab0 2508       3       java.util.regex.Pattern$BmpCharPredicate::lambda$union$2 (26 bytes)
Event: 15.326 Thread 0x00000277ee89eab0 nmethod 2508 0x00000277daca8a10 code [0x00000277daca8bc0, 0x00000277daca8ef8]
Event: 15.326 Thread 0x00000277ee89eab0 2509       3       java.nio.MappedByteBuffer::limit (8 bytes)
Event: 15.326 Thread 0x00000277ee89eab0 nmethod 2509 0x00000277daca9010 code [0x00000277daca91c0, 0x00000277daca9368]
Event: 32.807 Thread 0x00000277ee89eab0 2510       3       com.google.common.collect.ObjectArrays::checkElementNotNull (33 bytes)
Event: 32.807 Thread 0x00000277ee89eab0 nmethod 2510 0x00000277daca9410 code [0x00000277daca9640, 0x00000277daca9c78]
Event: 32.808 Thread 0x00000277ee89eab0 2511       3       com.google.common.base.Preconditions::checkArgument (13 bytes)
Event: 32.808 Thread 0x00000277ee89eab0 nmethod 2511 0x00000277daca9f10 code [0x00000277dacaa0c0, 0x00000277dacaa2a8]
Event: 32.810 Thread 0x00000277ee89eab0 2513   !   3       java.lang.invoke.MethodHandles$Lookup::revealDirect (196 bytes)
Event: 32.814 Thread 0x00000277ee89eab0 nmethod 2513 0x00000277dacaa390 code [0x00000277dacaa6e0, 0x00000277dacaba68]
Event: 33.876 Thread 0x00000277ee89eab0 2514       3       java.nio.charset.CoderResult::isOverflow (14 bytes)
Event: 33.876 Thread 0x00000277ee89eab0 nmethod 2514 0x00000277dacac190 code [0x00000277dacac320, 0x00000277dacac498]
Event: 33.877 Thread 0x00000277ee89eab0 2515       3       java.lang.reflect.Method::setAccessible (21 bytes)
Event: 33.878 Thread 0x00000277ee89eab0 nmethod 2515 0x00000277dacac510 code [0x00000277dacac720, 0x00000277dacacd48]
Event: 33.894 Thread 0x00000277ee89eab0 2516       3       java.lang.invoke.LambdaForm$DMH/0x0000000100135000::invokeStatic (31 bytes)
Event: 33.895 Thread 0x00000277ee89eab0 nmethod 2516 0x00000277dacacf90 code [0x00000277dacad160, 0x00000277dacad5b8]
Event: 33.896 Thread 0x00000277ee86b450 2517       4       java.lang.Class::getPackageName (81 bytes)

GC Heap History (10 events):
Event: 3.568 GC heap before
{Heap before GC invocations=0 (full 0):
 garbage-first heap   total 63488K, used 12288K [0x00000000c3400000, 0x0000000100000000)
  region size 1024K, 13 young (13312K), 0 survivors (0K)
 Metaspace       used 11650K, committed 11776K, reserved 1064960K
  class space    used 1101K, committed 1152K, reserved 1048576K
}
Event: 3.582 GC heap after
{Heap after GC invocations=1 (full 0):
 garbage-first heap   total 63488K, used 5217K [0x00000000c3400000, 0x0000000100000000)
  region size 1024K, 2 young (2048K), 2 survivors (2048K)
 Metaspace       used 11650K, committed 11776K, reserved 1064960K
  class space    used 1101K, committed 1152K, reserved 1048576K
}
Event: 4.416 GC heap before
{Heap before GC invocations=1 (full 0):
 garbage-first heap   total 63488K, used 15457K [0x00000000c3400000, 0x0000000100000000)
  region size 1024K, 13 young (13312K), 2 survivors (2048K)
 Metaspace       used 15405K, committed 15616K, reserved 1064960K
  class space    used 1497K, committed 1600K, reserved 1048576K
}
Event: 4.421 GC heap after
{Heap after GC invocations=2 (full 0):
 garbage-first heap   total 63488K, used 7065K [0x00000000c3400000, 0x0000000100000000)
  region size 1024K, 2 young (2048K), 2 survivors (2048K)
 Metaspace       used 15405K, committed 15616K, reserved 1064960K
  class space    used 1497K, committed 1600K, reserved 1048576K
}
Event: 5.732 GC heap before
{Heap before GC invocations=2 (full 0):
 garbage-first heap   total 63488K, used 25497K [0x00000000c3400000, 0x0000000100000000)
  region size 1024K, 21 young (21504K), 2 survivors (2048K)
 Metaspace       used 20412K, committed 20672K, reserved 1073152K
  class space    used 2126K, committed 2240K, reserved 1048576K
}
Event: 5.736 GC heap after
{Heap after GC invocations=3 (full 0):
 garbage-first heap   total 63488K, used 8391K [0x00000000c3400000, 0x0000000100000000)
  region size 1024K, 3 young (3072K), 3 survivors (3072K)
 Metaspace       used 20412K, committed 20672K, reserved 1073152K
  class space    used 2126K, committed 2240K, reserved 1048576K
}
Event: 5.984 GC heap before
{Heap before GC invocations=3 (full 0):
 garbage-first heap   total 63488K, used 11463K [0x00000000c3400000, 0x0000000100000000)
  region size 1024K, 7 young (7168K), 3 survivors (3072K)
 Metaspace       used 21352K, committed 21504K, reserved 1073152K
  class space    used 2280K, committed 2368K, reserved 1048576K
}
Event: 5.990 GC heap after
{Heap after GC invocations=4 (full 0):
 garbage-first heap   total 63488K, used 8618K [0x00000000c3400000, 0x0000000100000000)
  region size 1024K, 2 young (2048K), 2 survivors (2048K)
 Metaspace       used 21352K, committed 21504K, reserved 1073152K
  class space    used 2280K, committed 2368K, reserved 1048576K
}
Event: 7.730 GC heap before
{Heap before GC invocations=5 (full 0):
 garbage-first heap   total 34816K, used 27050K [0x00000000c3400000, 0x0000000100000000)
  region size 1024K, 20 young (20480K), 2 survivors (2048K)
 Metaspace       used 25533K, committed 25856K, reserved 1073152K
  class space    used 2849K, committed 3008K, reserved 1048576K
}
Event: 7.735 GC heap after
{Heap after GC invocations=6 (full 0):
 garbage-first heap   total 34816K, used 10794K [0x00000000c3400000, 0x0000000100000000)
  region size 1024K, 3 young (3072K), 3 survivors (3072K)
 Metaspace       used 25533K, committed 25856K, reserved 1073152K
  class space    used 2849K, committed 3008K, reserved 1048576K
}

Dll operation events (6 events):
Event: 0.065 Loaded shared library C:\Users\DELL\.p2\pool\plugins\org.eclipse.justj.openjdk.hotspot.jre.full.win32.x86_64_17.0.6.v20230204-1729\jre\bin\java.dll
Event: 1.263 Loaded shared library C:\Users\DELL\.p2\pool\plugins\org.eclipse.justj.openjdk.hotspot.jre.full.win32.x86_64_17.0.6.v20230204-1729\jre\bin\net.dll
Event: 1.297 Loaded shared library C:\Users\DELL\.p2\pool\plugins\org.eclipse.justj.openjdk.hotspot.jre.full.win32.x86_64_17.0.6.v20230204-1729\jre\bin\nio.dll
Event: 1.328 Loaded shared library C:\Users\DELL\.p2\pool\plugins\org.eclipse.justj.openjdk.hotspot.jre.full.win32.x86_64_17.0.6.v20230204-1729\jre\bin\zip.dll
Event: 2.501 Loaded shared library C:\Users\DELL\.p2\pool\plugins\org.eclipse.justj.openjdk.hotspot.jre.full.win32.x86_64_17.0.6.v20230204-1729\jre\bin\jimage.dll
Event: 2.790 Loaded shared library C:\Users\DELL\.p2\pool\plugins\org.eclipse.justj.openjdk.hotspot.jre.full.win32.x86_64_17.0.6.v20230204-1729\jre\bin\verify.dll

Deoptimization events (20 events):
Event: 6.597 Thread 0x00000277d59376c0 Uncommon trap: trap_request=0xffffff45 fr.pc=0x00000277e22b9854 relative=0x0000000000000134
Event: 6.597 Thread 0x00000277d59376c0 Uncommon trap: reason=unstable_if action=reinterpret pc=0x00000277e22b9854 method=java.lang.AbstractStringBuilder.putStringAt(ILjava/lang/String;II)V @ 8 c2
Event: 6.597 Thread 0x00000277d59376c0 DEOPT PACKING pc=0x00000277e22b9854 sp=0x000000d5fe3fc6e0
Event: 6.597 Thread 0x00000277d59376c0 DEOPT UNPACKING pc=0x00000277e1d469a3 sp=0x000000d5fe3fc628 mode 2
Event: 6.670 Thread 0x00000277d59376c0 Uncommon trap: trap_request=0xffffff45 fr.pc=0x00000277e22e2bc8 relative=0x0000000000000628
Event: 6.671 Thread 0x00000277d59376c0 Uncommon trap: reason=unstable_if action=reinterpret pc=0x00000277e22e2bc8 method=java.lang.String.replace(CC)Ljava/lang/String; @ 2 c2
Event: 6.671 Thread 0x00000277d59376c0 DEOPT PACKING pc=0x00000277e22e2bc8 sp=0x000000d5fe3fcc00
Event: 6.671 Thread 0x00000277d59376c0 DEOPT UNPACKING pc=0x00000277e1d469a3 sp=0x000000d5fe3fcbb0 mode 2
Event: 6.676 Thread 0x00000277d59376c0 Uncommon trap: trap_request=0xffffffc6 fr.pc=0x00000277e23269f0 relative=0x00000000000020b0
Event: 6.676 Thread 0x00000277d59376c0 Uncommon trap: reason=bimorphic_or_optimized_type_check action=maybe_recompile pc=0x00000277e23269f0 method=java.net.URL.<init>(Ljava/net/URL;Ljava/lang/String;Ljava/net/URLStreamHandler;)V @ 504 c2
Event: 6.676 Thread 0x00000277d59376c0 DEOPT PACKING pc=0x00000277e23269f0 sp=0x000000d5fe3fccf0
Event: 6.676 Thread 0x00000277d59376c0 DEOPT UNPACKING pc=0x00000277e1d469a3 sp=0x000000d5fe3fcc70 mode 2
Event: 7.697 Thread 0x00000277d59376c0 Uncommon trap: trap_request=0xffffff45 fr.pc=0x00000277e22b20b8 relative=0x0000000000000178
Event: 7.697 Thread 0x00000277d59376c0 Uncommon trap: reason=unstable_if action=reinterpret pc=0x00000277e22b20b8 method=java.lang.invoke.VarHandle.checkExactAccessMode(Ljava/lang/invoke/VarHandle$AccessDescriptor;)V @ 4 c2
Event: 7.697 Thread 0x00000277d59376c0 DEOPT PACKING pc=0x00000277e22b20b8 sp=0x000000d5fe3fc240
Event: 7.697 Thread 0x00000277d59376c0 DEOPT UNPACKING pc=0x00000277e1d469a3 sp=0x000000d5fe3fc180 mode 2
Event: 7.838 Thread 0x00000277d59376c0 Uncommon trap: trap_request=0xffffff45 fr.pc=0x00000277e235fc54 relative=0x00000000000001d4
Event: 7.838 Thread 0x00000277d59376c0 Uncommon trap: reason=unstable_if action=reinterpret pc=0x00000277e235fc54 method=java.io.ByteArrayInputStream.read()I @ 8 c2
Event: 7.838 Thread 0x00000277d59376c0 DEOPT PACKING pc=0x00000277e235fc54 sp=0x000000d5fe3fafc0
Event: 7.838 Thread 0x00000277d59376c0 DEOPT UNPACKING pc=0x00000277e1d469a3 sp=0x000000d5fe3faf78 mode 2

Classes unloaded (0 events):
No events

Classes redefined (0 events):
No events

Internal exceptions (20 events):
Event: 6.765 Thread 0x00000277f0b5f3a0 Exception <a 'java/lang/NoSuchMethodError'{0x00000000c48a1fa0}: 'java.lang.Object java.lang.invoke.DirectMethodHandle$Holder.invokeStaticInit(java.lang.Object, java.lang.Object, long, java.lang.Object)'> (0x00000000c48a1fa0) 
thrown [s\src\hotspot\share\interpreter\linkResolver.cpp, line 759]
Event: 6.766 Thread 0x00000277f0b5f3a0 Exception <a 'java/lang/NoSuchMethodError'{0x00000000c48a8028}: 'java.lang.Object java.lang.invoke.DirectMethodHandle$Holder.newInvokeSpecial(java.lang.Object, java.lang.Object, long)'> (0x00000000c48a8028) 
thrown [s\src\hotspot\share\interpreter\linkResolver.cpp, line 759]
Event: 6.767 Thread 0x00000277f0b5f3a0 Exception <a 'java/lang/NoSuchMethodError'{0x00000000c48abb98}: 'java.lang.Object java.lang.invoke.Invokers$Holder.linkToTargetMethod(java.lang.Object, long, java.lang.Object)'> (0x00000000c48abb98) 
thrown [s\src\hotspot\share\interpreter\linkResolver.cpp, line 759]
Event: 6.771 Thread 0x00000277f0b5f870 Exception <a 'java/net/ConnectException'{0x00000000c48b9ac0}: Connection refused: no further information> (0x00000000c48b9ac0) 
thrown [s\src\hotspot\share\prims\jni.cpp, line 535]
Event: 6.771 Thread 0x00000277f0b5f870 Exception <a 'java/net/SocketException'{0x00000000c48b9df8}: Socket is not connected: shutdown> (0x00000000c48b9df8) 
thrown [s\src\hotspot\share\prims\jni.cpp, line 535]
Event: 6.815 Thread 0x00000277f0b5f870 Exception <a 'java/net/ConnectException'{0x00000000c48bad90}: Connection refused: no further information> (0x00000000c48bad90) 
thrown [s\src\hotspot\share\prims\jni.cpp, line 535]
Event: 6.815 Thread 0x00000277f0b5f870 Exception <a 'java/net/SocketException'{0x00000000c48bb0c8}: Socket is not connected: shutdown> (0x00000000c48bb0c8) 
thrown [s\src\hotspot\share\prims\jni.cpp, line 535]
Event: 6.908 Thread 0x00000277f0b5f870 Exception <a 'java/net/ConnectException'{0x00000000c48bc060}: Connection refused: no further information> (0x00000000c48bc060) 
thrown [s\src\hotspot\share\prims\jni.cpp, line 535]
Event: 6.908 Thread 0x00000277f0b5f870 Exception <a 'java/net/SocketException'{0x00000000c48bc398}: Socket is not connected: shutdown> (0x00000000c48bc398) 
thrown [s\src\hotspot\share\prims\jni.cpp, line 535]
Event: 7.085 Thread 0x00000277f0b5f870 Exception <a 'java/net/ConnectException'{0x00000000c48bd330}: Connection refused: no further information> (0x00000000c48bd330) 
thrown [s\src\hotspot\share\prims\jni.cpp, line 535]
Event: 7.085 Thread 0x00000277f0b5f870 Exception <a 'java/net/SocketException'{0x00000000c48bd668}: Socket is not connected: shutdown> (0x00000000c48bd668) 
thrown [s\src\hotspot\share\prims\jni.cpp, line 535]
Event: 7.471 Thread 0x00000277d59376c0 Exception <a 'java/lang/IncompatibleClassChangeError'{0x00000000c476db60}: Found class java.lang.Object, but interface was expected> (0x00000000c476db60) 
thrown [s\src\hotspot\share\interpreter\linkResolver.cpp, line 826]
Event: 7.480 Thread 0x00000277d59376c0 Exception <a 'java/lang/NoSuchMethodError'{0x00000000c477a680}: 'java.lang.Object java.lang.invoke.DirectMethodHandle$Holder.invokeInterface(java.lang.Object, java.lang.Object, java.lang.Object, java.lang.Object)'> (0x00000000c477a680) 
thrown [s\src\hotspot\share\interpreter\linkResolver.cpp, line 759]
Event: 7.494 Thread 0x00000277d59376c0 Exception <a 'java/lang/NoSuchMethodError'{0x00000000c47a1f90}: 'java.lang.Object java.lang.invoke.DirectMethodHandle$Holder.invokeVirtual(java.lang.Object, java.lang.Object, java.lang.Object)'> (0x00000000c47a1f90) 
thrown [s\src\hotspot\share\interpreter\linkResolver.cpp, line 759]
Event: 7.521 Thread 0x00000277d59376c0 Exception <a 'java/lang/NoSuchMethodError'{0x00000000c4629ec8}: 'void java.lang.invoke.DirectMethodHandle$Holder.invokeInterface(java.lang.Object, java.lang.Object, java.lang.Object)'> (0x00000000c4629ec8) 
thrown [s\src\hotspot\share\interpreter\linkResolver.cpp, line 759]
Event: 7.544 Thread 0x00000277d59376c0 Exception <a 'java/lang/NoSuchMethodError'{0x00000000c4691348}: 'double java.lang.invoke.DirectMethodHandle$Holder.invokeVirtual(java.lang.Object, java.lang.Object)'> (0x00000000c4691348) 
thrown [s\src\hotspot\share\interpreter\linkResolver.cpp, line 759]
Event: 7.545 Thread 0x00000277d59376c0 Exception <a 'java/lang/NoSuchMethodError'{0x00000000c4697b80}: 'float java.lang.invoke.DirectMethodHandle$Holder.invokeVirtual(java.lang.Object, java.lang.Object)'> (0x00000000c4697b80) 
thrown [s\src\hotspot\share\interpreter\linkResolver.cpp, line 759]
Event: 7.547 Thread 0x00000277d59376c0 Exception <a 'java/lang/NoSuchMethodError'{0x00000000c46a0e68}: 'long java.lang.invoke.DirectMethodHandle$Holder.invokeVirtual(java.lang.Object, java.lang.Object)'> (0x00000000c46a0e68) 
thrown [s\src\hotspot\share\interpreter\linkResolver.cpp, line 759]
Event: 14.762 Thread 0x00000277d59376c0 Exception <a 'java/lang/NoSuchMethodError'{0x00000000c4f02728}: 'java.lang.Object java.lang.invoke.DirectMethodHandle$Holder.invokeSpecialIFC(java.lang.Object, java.lang.Object, java.lang.Object)'> (0x00000000c4f02728) 
thrown [s\src\hotspot\share\interpreter\linkResolver.cpp, line 759]
Event: 14.859 Thread 0x00000277d59376c0 Exception <a 'java/lang/ClassNotFoundException'{0x00000000c4fae778}: sun/util/logging/resources/spi/loggingProvider> (0x00000000c4fae778) 
thrown [s\src\hotspot\share\classfile\systemDictionary.cpp, line 256]

VM Operations (20 events):
Event: 6.013 Executing VM operation: G1Concurrent
Event: 6.016 Executing VM operation: G1Concurrent done
Event: 6.170 Executing VM operation: HandshakeAllThreads
Event: 6.170 Executing VM operation: HandshakeAllThreads done
Event: 7.173 Executing VM operation: Cleanup
Event: 7.173 Executing VM operation: Cleanup done
Event: 7.418 Executing VM operation: HandshakeAllThreads
Event: 7.418 Executing VM operation: HandshakeAllThreads done
Event: 7.422 Executing VM operation: HandshakeAllThreads
Event: 7.422 Executing VM operation: HandshakeAllThreads done
Event: 7.730 Executing VM operation: G1CollectForAllocation
Event: 7.735 Executing VM operation: G1CollectForAllocation done
Event: 8.737 Executing VM operation: Cleanup
Event: 8.737 Executing VM operation: Cleanup done
Event: 14.796 Executing VM operation: Cleanup
Event: 14.796 Executing VM operation: Cleanup done
Event: 15.796 Executing VM operation: Cleanup
Event: 15.797 Executing VM operation: Cleanup done
Event: 32.927 Executing VM operation: Cleanup
Event: 32.928 Executing VM operation: Cleanup done

Events (20 events):
Event: 14.865 loading class sun/util/logging/resources/logging_en
Event: 14.865 loading class sun/util/logging/resources/logging_en done
Event: 14.867 loading class sun/util/logging/resources/logging_en_IN
Event: 14.867 loading class sun/util/logging/resources/logging_en_IN done
Event: 14.867 loading class sun/util/logging/resources/logging_en_IN
Event: 14.867 loading class sun/util/logging/resources/logging_en_IN done
Event: 14.867 loading class java/util/Formatter$DateTime
Event: 14.868 loading class java/util/Formatter$DateTime done
Event: 14.868 loading class java/time/ZonedDateTime$1
Event: 14.868 loading class java/time/ZonedDateTime$1 done
Event: 14.868 loading class java/time/LocalDate$1
Event: 14.868 loading class java/time/LocalDate$1 done
Event: 14.869 loading class java/time/LocalTime$1
Event: 14.869 loading class java/time/LocalTime$1 done
Event: 33.823 loading class java/time/Instant$1
Event: 33.825 loading class java/time/Instant$1 done
Event: 33.886 loading class java/util/Scanner
Event: 33.891 loading class java/util/Scanner done
Event: 33.900 loading class java/util/Scanner$PatternLRUCache
Event: 33.900 loading class java/util/Scanner$PatternLRUCache done


Dynamic libraries:
0x00007ff605f50000 - 0x00007ff605f5e000 	C:\Users\DELL\.p2\pool\plugins\org.eclipse.justj.openjdk.hotspot.jre.full.win32.x86_64_17.0.6.v20230204-1729\jre\bin\javaw.exe
0x00007ffa00b10000 - 0x00007ffa00d08000 	C:\WINDOWS\SYSTEM32\ntdll.dll
0x00007ff9fef40000 - 0x00007ff9feffd000 	C:\WINDOWS\System32\KERNEL32.DLL
0x00007ff9fe750000 - 0x00007ff9fea46000 	C:\WINDOWS\System32\KERNELBASE.dll
0x00007ff9fe3f0000 - 0x00007ff9fe4f0000 	C:\WINDOWS\System32\ucrtbase.dll
0x00007ff9f6c00000 - 0x00007ff9f6c17000 	C:\Users\DELL\.p2\pool\plugins\org.eclipse.justj.openjdk.hotspot.jre.full.win32.x86_64_17.0.6.v20230204-1729\jre\bin\jli.dll
0x00007ff9f5730000 - 0x00007ff9f5749000 	C:\Users\DELL\.p2\pool\plugins\org.eclipse.justj.openjdk.hotspot.jre.full.win32.x86_64_17.0.6.v20230204-1729\jre\bin\VCRUNTIME140.dll
0x00007ffa00930000 - 0x00007ffa00ace000 	C:\WINDOWS\System32\USER32.dll
0x00007ff9feb40000 - 0x00007ff9feb62000 	C:\WINDOWS\System32\win32u.dll
0x00007ff9fed30000 - 0x00007ff9fed5c000 	C:\WINDOWS\System32\GDI32.dll
0x00007ff9fe630000 - 0x00007ff9fe74a000 	C:\WINDOWS\System32\gdi32full.dll
0x00007ff9fea50000 - 0x00007ff9feaed000 	C:\WINDOWS\System32\msvcp_win.dll
0x00007ff9f2700000 - 0x00007ff9f299a000 	C:\WINDOWS\WinSxS\amd64_microsoft.windows.common-controls_6595b64144ccf1df_6.0.19041.3636_none_60b6a03d71f818d5\COMCTL32.dll
0x00007ffa00410000 - 0x00007ffa004ae000 	C:\WINDOWS\System32\msvcrt.dll
0x00007ff9ff150000 - 0x00007ff9ff180000 	C:\WINDOWS\System32\IMM32.DLL
0x00007ff9f7f10000 - 0x00007ff9f7f1c000 	C:\Users\DELL\.p2\pool\plugins\org.eclipse.justj.openjdk.hotspot.jre.full.win32.x86_64_17.0.6.v20230204-1729\jre\bin\vcruntime140_1.dll
0x00007ff9d4170000 - 0x00007ff9d4201000 	C:\Users\DELL\.p2\pool\plugins\org.eclipse.justj.openjdk.hotspot.jre.full.win32.x86_64_17.0.6.v20230204-1729\jre\bin\msvcp140.dll
0x00007ff9aab60000 - 0x00007ff9ab7a7000 	C:\Users\DELL\.p2\pool\plugins\org.eclipse.justj.openjdk.hotspot.jre.full.win32.x86_64_17.0.6.v20230204-1729\jre\bin\server\jvm.dll
0x00007ff9fedf0000 - 0x00007ff9fee9f000 	C:\WINDOWS\System32\ADVAPI32.dll
0x00007ff9feea0000 - 0x00007ff9fef3c000 	C:\WINDOWS\System32\sechost.dll
0x00007ffa00720000 - 0x00007ffa00846000 	C:\WINDOWS\System32\RPCRT4.dll
0x00007ff9f16a0000 - 0x00007ff9f16a9000 	C:\WINDOWS\SYSTEM32\WSOCK32.dll
0x00007ffa004b0000 - 0x00007ffa0051b000 	C:\WINDOWS\System32\WS2_32.dll
0x00007ff9e85f0000 - 0x00007ff9e8617000 	C:\WINDOWS\SYSTEM32\WINMM.dll
0x00007ff9f7670000 - 0x00007ff9f767a000 	C:\WINDOWS\SYSTEM32\VERSION.dll
0x00007ff9fca90000 - 0x00007ff9fcaa2000 	C:\WINDOWS\SYSTEM32\kernel.appcore.dll
0x00007ff9f6e30000 - 0x00007ff9f6e3a000 	C:\Users\DELL\.p2\pool\plugins\org.eclipse.justj.openjdk.hotspot.jre.full.win32.x86_64_17.0.6.v20230204-1729\jre\bin\jimage.dll
0x00007ff9fc700000 - 0x00007ff9fc8e4000 	C:\WINDOWS\SYSTEM32\DBGHELP.DLL
0x00007ff9f4080000 - 0x00007ff9f40b4000 	C:\WINDOWS\SYSTEM32\dbgcore.DLL
0x00007ff9fe5a0000 - 0x00007ff9fe622000 	C:\WINDOWS\System32\bcryptPrimitives.dll
0x00007ff9e7040000 - 0x00007ff9e7065000 	C:\Users\DELL\.p2\pool\plugins\org.eclipse.justj.openjdk.hotspot.jre.full.win32.x86_64_17.0.6.v20230204-1729\jre\bin\java.dll
0x00007ff9f5710000 - 0x00007ff9f5728000 	C:\Users\DELL\.p2\pool\plugins\org.eclipse.justj.openjdk.hotspot.jre.full.win32.x86_64_17.0.6.v20230204-1729\jre\bin\zip.dll
0x00007ff9ff650000 - 0x00007ff9ffd95000 	C:\WINDOWS\System32\SHELL32.dll
0x00007ff9fbf60000 - 0x00007ff9fc6fb000 	C:\WINDOWS\SYSTEM32\windows.storage.dll
0x00007ff9ffed0000 - 0x00007ffa00224000 	C:\WINDOWS\System32\combase.dll
0x00007ff9fdc30000 - 0x00007ff9fdc5d000 	C:\WINDOWS\SYSTEM32\Wldp.dll
0x00007ff9feb70000 - 0x00007ff9fec1d000 	C:\WINDOWS\System32\SHCORE.dll
0x00007ff9fecd0000 - 0x00007ff9fed25000 	C:\WINDOWS\System32\shlwapi.dll
0x00007ff9fe120000 - 0x00007ff9fe145000 	C:\WINDOWS\SYSTEM32\profapi.dll
0x00007ff9dd450000 - 0x00007ff9dd469000 	C:\Users\DELL\.p2\pool\plugins\org.eclipse.justj.openjdk.hotspot.jre.full.win32.x86_64_17.0.6.v20230204-1729\jre\bin\net.dll
0x00007ff9f4330000 - 0x00007ff9f443a000 	C:\WINDOWS\SYSTEM32\WINHTTP.dll
0x00007ff9fd990000 - 0x00007ff9fd9fa000 	C:\WINDOWS\system32\mswsock.dll
0x00007ff9dd260000 - 0x00007ff9dd275000 	C:\Users\DELL\.p2\pool\plugins\org.eclipse.justj.openjdk.hotspot.jre.full.win32.x86_64_17.0.6.v20230204-1729\jre\bin\nio.dll
0x00007ff9fd630000 - 0x00007ff9fd66b000 	C:\WINDOWS\SYSTEM32\IPHLPAPI.DLL
0x00007ffa00250000 - 0x00007ffa00258000 	C:\WINDOWS\System32\NSI.dll
0x00007ff9f4970000 - 0x00007ff9f4987000 	C:\WINDOWS\SYSTEM32\dhcpcsvc6.DLL
0x00007ff9f5290000 - 0x00007ff9f52ad000 	C:\WINDOWS\SYSTEM32\dhcpcsvc.DLL
0x00007ff9fd680000 - 0x00007ff9fd74a000 	C:\WINDOWS\SYSTEM32\DNSAPI.dll
0x00007ff9f6df0000 - 0x00007ff9f6e00000 	C:\Users\DELL\.p2\pool\plugins\org.eclipse.justj.openjdk.hotspot.jre.full.win32.x86_64_17.0.6.v20230204-1729\jre\bin\verify.dll
0x00007ff9fdb80000 - 0x00007ff9fdb98000 	C:\WINDOWS\SYSTEM32\CRYPTSP.dll
0x00007ff9fd250000 - 0x00007ff9fd284000 	C:\WINDOWS\system32\rsaenh.dll
0x00007ff9fe1f0000 - 0x00007ff9fe217000 	C:\WINDOWS\System32\bcrypt.dll
0x00007ff9fe0a0000 - 0x00007ff9fe0ce000 	C:\WINDOWS\SYSTEM32\USERENV.dll
0x00007ff9fdba0000 - 0x00007ff9fdbac000 	C:\WINDOWS\SYSTEM32\CRYPTBASE.dll
0x000000005c350000 - 0x000000005c376000 	C:\Program Files\Bonjour\mdnsNSP.dll
0x00007ff9f26b0000 - 0x00007ff9f26ba000 	C:\Windows\System32\rasadhlp.dll
0x00007ff9f2b30000 - 0x00007ff9f2bb0000 	C:\WINDOWS\System32\fwpuclnt.dll

dbghelp: loaded successfully - version: 4.0.5 - missing functions: none
symbol engine: initialized successfully - sym options: 0x614 - pdb path: .;C:\Users\DELL\.p2\pool\plugins\org.eclipse.justj.openjdk.hotspot.jre.full.win32.x86_64_17.0.6.v20230204-1729\jre\bin;C:\WINDOWS\SYSTEM32;C:\WINDOWS\WinSxS\amd64_microsoft.windows.common-controls_6595b64144ccf1df_6.0.19041.3636_none_60b6a03d71f818d5;C:\Users\DELL\.p2\pool\plugins\org.eclipse.justj.openjdk.hotspot.jre.full.win32.x86_64_17.0.6.v20230204-1729\jre\bin\server;C:\Program Files\Bonjour

VM Arguments:
jvm_args: -ea -Dfile.encoding=windows-1252 -XX:+ShowCodeDetailsInExceptionMessages 
java_command: org.eclipse.jdt.internal.junit.runner.RemoteTestRunner -version 3 -port 55149 -testLoaderClass org.eclipse.jdt.internal.junit4.runner.JUnit4TestLoader -loaderpluginname org.eclipse.jdt.junit4.runtime -classNames Stepdefinition.Testrunner
java_class_path (initial): C:\Users\DELL\eclipse-workspace\ecomerce\target\test-classes;C:\Users\DELL\eclipse-workspace\ecomerce\target\classes;C:\Users\DELL\.p2\pool\plugins\org.junit_4.13.2.v20211018-1956.jar;C:\Users\DELL\.p2\pool\plugins\org.hamcrest.core_1.3.0.v20180420-1519.jar;C:\Users\DELL\Downloads\selenium-java-3.141.59 (1)\client-combined-3.141.59.jar;C:\Users\DELL\.m2\repository\io\cucumber\cucumber-java\7.14.1\cucumber-java-7.14.1.jar;C:\Users\DELL\.m2\repository\io\cucumber\cucumber-core\7.14.1\cucumber-core-7.14.1.jar;C:\Users\DELL\.m2\repository\io\cucumber\cucumber-gherkin\7.14.1\cucumber-gherkin-7.14.1.jar;C:\Users\DELL\.m2\repository\io\cucumber\cucumber-gherkin-messages\7.14.1\cucumber-gherkin-messages-7.14.1.jar;C:\Users\DELL\.m2\repository\io\cucumber\gherkin\26.2.0\gherkin-26.2.0.jar;C:\Users\DELL\.m2\repository\io\cucumber\messages\22.0.0\messages-22.0.0.jar;C:\Users\DELL\.m2\repository\io\cucumber\tag-expressions\6.0.0\tag-expressions-6.0.0.jar;C:\Users\DELL\.m2\repository\io\cucumber\cucumber-expressions\17.0.1\cucumber-expressions-17.0.1.jar;C:\Users\DELL\.m2\repository\io\cucumber\datatable\7.14.1\datatable-7.14.1.jar;C:\Users\DELL\.m2\repository\io\cucumber\cucumber-plugin\7.14.1\cucumber-plugin-7.14.1.jar;C:\Users\DELL\.m2\repository\io\cucumber\docstring\7.14.1\docstring-7.14.1.jar;C:\Users\DELL\.m2\repository\io\cucumber\html-formatter\20.4.0\html-formatter-20.4.0.jar;C:\Users\DELL\.m2\repository\io\cucumber\junit-xml-formatter\0.2.0\junit-xml-formatter-0.2.0.jar;C:\Users\DELL\.m2\repository\io\cucumber\ci-environment\10.0.0\ci-environment-10.0.0.jar;C:\Users\DELL\.m2\repository\org\apiguardian\apiguardian-api\1.1.2\apiguardian-api-1.1.2.jar;C:\Users\DELL\.m2\repository\junit\junit\4.13.2\junit-4.13.2.jar;C:\Users\DELL\.m2\repository\org\hamcrest\hamcrest-core\1.3\hamcrest-core-1.3.jar;C:\Users\DELL\.m2\repository\io\cucumber\cucumber-junit\7.14.1\cucumber-junit-7.14.1.jar;C:\Users\DELL\.m2\repository\org\seleniumhq\selenium\seleniu
Launcher Type: SUN_STANDARD

[Global flags]
     intx CICompilerCount                          = 3                                         {product} {ergonomic}
     uint ConcGCThreads                            = 1                                         {product} {ergonomic}
     uint G1ConcRefinementThreads                  = 4                                         {product} {ergonomic}
   size_t G1HeapRegionSize                         = 1048576                                   {product} {ergonomic}
    uintx GCDrainStackTargetSize                   = 64                                        {product} {ergonomic}
   size_t InitialHeapSize                          = 65011712                                  {product} {ergonomic}
   size_t MarkStackSize                            = 4194304                                   {product} {ergonomic}
   size_t MaxHeapSize                              = 1019215872                                {product} {ergonomic}
   size_t MaxNewSize                               = 611319808                                 {product} {ergonomic}
   size_t MinHeapDeltaBytes                        = 1048576                                   {product} {ergonomic}
   size_t MinHeapSize                              = 8388608                                   {product} {ergonomic}
    uintx NonNMethodCodeHeapSize                   = 5832780                                {pd product} {ergonomic}
    uintx NonProfiledCodeHeapSize                  = 122912730                              {pd product} {ergonomic}
    uintx ProfiledCodeHeapSize                     = 122912730                              {pd product} {ergonomic}
    uintx ReservedCodeCacheSize                    = 251658240                              {pd product} {ergonomic}
     bool SegmentedCodeCache                       = true                                      {product} {ergonomic}
     bool ShowCodeDetailsInExceptionMessages       = true                                   {manageable} {command line}
   size_t SoftMaxHeapSize                          = 1019215872                             {manageable} {ergonomic}
     bool UseCompressedClassPointers               = true                           {product lp64_product} {ergonomic}
     bool UseCompressedOops                        = true                           {product lp64_product} {ergonomic}
     bool UseG1GC                                  = true                                      {product} {ergonomic}
     bool UseLargePagesIndividualAllocation        = false                                  {pd product} {ergonomic}

Logging:
Log output configuration:
 #0: stdout all=warning uptime,level,tags
 #1: stderr all=off uptime,level,tags

Environment Variables:
PATH=C:\Program Files\Common Files\Oracle\Java\javapath;C:\WINDOWS\system32;C:\WINDOWS;C:\WINDOWS\System32\Wbem;C:\WINDOWS\System32\WindowsPowerShell\v1.0\;C:\WINDOWS\System32\OpenSSH\;C:\Program Files\nodejs\;C:\Users\DELL\AppData\Local\Programs\Microsoft VS Code\bin\code;C:\Program Files\Perforce\;C:\Program Files\Microsoft SQL Server\Client SDK\ODBC\110\Tools\Binn\;C:\Program Files (x86)\Microsoft SQL Server\120\Tools\Binn\;C:\Program Files\Microsoft SQL Server\120\Tools\Binn\;C:\Program Files\Microsoft SQL Server\120\DTS\Binn\;C:\Program Files (x86)\HP\Common\HPDestPlgIn\;C:\Program Files\Java\jdk-20\bin;C:\Program Files\Git\cmd;C:\Users\DELL\AppData\Local\Microsoft\WindowsApps;C:\Users\DELL\AppData\Local\Programs\Microsoft VS Code\bin;C:\Users\DELL\AppData\Roaming\npm;C:\Program Files\Java\jdk-19\bin;C:\Program Files (x86)\HP\Common\HPDestPlgIn\
USERNAME=DELL
OS=Windows_NT
PROCESSOR_IDENTIFIER=Intel64 Family 6 Model 142 Stepping 9, GenuineIntel
TMP=C:\Users\DELL\AppData\Local\Temp
TEMP=C:\Users\DELL\AppData\Local\Temp



---------------  S Y S T E M  ---------------

OS:
 Windows 10 , 64 bit Build 19041 (10.0.19041.3636)
OS uptime: 21 days 21:34 hours

CPU: total 4 (initial active 4) (2 cores per cpu, 2 threads per core) family 6 model 142 stepping 9 microcode 0xb4, cx8, cmov, fxsr, ht, mmx, 3dnowpref, sse, sse2, sse3, ssse3, sse4.1, sse4.2, popcnt, lzcnt, tsc, tscinvbit, avx, avx2, aes, erms, clmul, bmi1, bmi2, adx, fma, vzeroupper, clflush, clflushopt

Memory: 4k page, system-wide physical 3880M (90M free)
TotalPageFile size 15656M (AvailPageFile size 0M)
current process WorkingSet (physical memory assigned to process): 46M, peak: 123M
current process commit charge ("private bytes"): 136M, peak: 162M

vm_info: OpenJDK 64-Bit Server VM (17.0.6+10) for windows-amd64 JRE (17.0.6+10), built on Jan 18 2023 10:08:59 by "temurin" with MS VC++ 16.7 (VS2019)

END.
